The system is: Windows - 10.0.19041 - AMD64
Compiling the C compiler identification source file "CMakeCCompilerId.c" succeeded.
Compiler:  
Build flags: 
Id flags:  

The output was:
0
Microsoft (R)-Build-Engine, Version 16.10.0+4242f381a fr .NET Framework
Copyright (C) Microsoft Corporation. Alle Rechte vorbehalten.

Der Buildvorgang wurde am 08.06.2021 12:00:05 gestartet.
Projekt "C:\Users\atc\Documents\CMakeTutorials\Hello World\build\CMakeFiles\3.20.3\CompilerIdC\CompilerIdC.vcxproj" auf Knoten "1" (Standardziele).
PrepareForBuild:
  Das Verzeichnis "Debug\" wird erstellt.
  Das Verzeichnis "Debug\CompilerIdC.tlog\" wird erstellt.
InitializeBuildStatus:
  "Debug\CompilerIdC.tlog\unsuccessfulbuild" wird erstellt, da "AlwaysCreate" angegeben wurde.
ClCompile:
  C:\Program Files (x86)\Microsoft Visual Studio\2019\Community\VC\Tools\MSVC\14.29.30037\bin\HostX64\x64\CL.exe /c /nologo /W0 /WX- /diagnostics:column /Od /D _MBCS /Gm- /EHsc /RTC1 /MDd /GS /fp:precise /Zc:wchar_t /Zc:forScope /Zc:inline /Fo"Debug\\" /Fd"Debug\vc142.pdb" /external:env:EXTERNAL_INCLUDE /external:W0 /Gd /TC /FC /errorReport:queue CMakeCCompilerId.c
  CMakeCCompilerId.c
Link:
  C:\Program Files (x86)\Microsoft Visual Studio\2019\Community\VC\Tools\MSVC\14.29.30037\bin\HostX64\x64\link.exe /ERRORREPORT:QUEUE /OUT:".\CompilerIdC.exe" /INCREMENTAL:NO /NOLOGO kernel32.lib user32.lib gdi32.lib winspool.lib comdlg32.lib advapi32.lib shell32.lib ole32.lib oleaut32.lib uuid.lib odbc32.lib odbccp32.lib /MANIFEST /MANIFESTUAC:"level='asInvoker' uiAccess='false'" /manifest:embed /PDB:".\CompilerIdC.pdb" /SUBSYSTEM:CONSOLE /TLBID:1 /DYNAMICBASE /NXCOMPAT /IMPLIB:".\CompilerIdC.lib" /MACHINE:X64 Debug\CMakeCCompilerId.obj
  CompilerIdC.vcxproj -> C:\Users\atc\Documents\CMakeTutorials\Hello World\build\CMakeFiles\3.20.3\CompilerIdC\CompilerIdC.exe
PostBuildEvent:
  for %%i in (cl.exe) do @echo CMAKE_C_COMPILER=%%~$PATH:i
  :VCEnd
  CMAKE_C_COMPILER=C:\Program Files (x86)\Microsoft Visual Studio\2019\Community\VC\Tools\MSVC\14.29.30037\bin\Hostx64\x64\cl.exe
FinalizeBuildStatus:
  Die Datei "Debug\CompilerIdC.tlog\unsuccessfulbuild" wird gel”scht.
  Aktualisieren des Timestamps von "Debug\CompilerIdC.tlog\CompilerIdC.lastbuildstate".
Die Erstellung von Projekt "C:\Users\atc\Documents\CMakeTutorials\Hello World\build\CMakeFiles\3.20.3\CompilerIdC\CompilerIdC.vcxproj" ist abgeschlossen (Standardziele).

Der Buildvorgang wurde erfolgreich ausgefhrt.
    0 Warnung(en)
    0 Fehler

Verstrichene Zeit 00:00:02.00


Compilation of the C compiler identification source "CMakeCCompilerId.c" produced "CompilerIdC.exe"

Compilation of the C compiler identification source "CMakeCCompilerId.c" produced "CompilerIdC.vcxproj"

The C compiler identification is MSVC, found in "C:/Users/atc/Documents/CMakeTutorials/Hello World/build/CMakeFiles/3.20.3/CompilerIdC/CompilerIdC.exe"

Compiling the CXX compiler identification source file "CMakeCXXCompilerId.cpp" succeeded.
Compiler:  
Build flags: 
Id flags:  

The output was:
0
Microsoft (R)-Build-Engine, Version 16.10.0+4242f381a fr .NET Framework
Copyright (C) Microsoft Corporation. Alle Rechte vorbehalten.

Der Buildvorgang wurde am 08.06.2021 12:00:07 gestartet.
Projekt "C:\Users\atc\Documents\CMakeTutorials\Hello World\build\CMakeFiles\3.20.3\CompilerIdCXX\CompilerIdCXX.vcxproj" auf Knoten "1" (Standardziele).
PrepareForBuild:
  Das Verzeichnis "Debug\" wird erstellt.
  Das Verzeichnis "Debug\CompilerIdCXX.tlog\" wird erstellt.
InitializeBuildStatus:
  "Debug\CompilerIdCXX.tlog\unsuccessfulbuild" wird erstellt, da "AlwaysCreate" angegeben wurde.
ClCompile:
  C:\Program Files (x86)\Microsoft Visual Studio\2019\Community\VC\Tools\MSVC\14.29.30037\bin\HostX64\x64\CL.exe /c /nologo /W0 /WX- /diagnostics:column /Od /D _MBCS /Gm- /EHsc /RTC1 /MDd /GS /fp:precise /Zc:wchar_t /Zc:forScope /Zc:inline /Fo"Debug\\" /Fd"Debug\vc142.pdb" /external:env:EXTERNAL_INCLUDE /external:W0 /Gd /TP /FC /errorReport:queue CMakeCXXCompilerId.cpp
  CMakeCXXCompilerId.cpp
Link:
  C:\Program Files (x86)\Microsoft Visual Studio\2019\Community\VC\Tools\MSVC\14.29.30037\bin\HostX64\x64\link.exe /ERRORREPORT:QUEUE /OUT:".\CompilerIdCXX.exe" /INCREMENTAL:NO /NOLOGO kernel32.lib user32.lib gdi32.lib winspool.lib comdlg32.lib advapi32.lib shell32.lib ole32.lib oleaut32.lib uuid.lib odbc32.lib odbccp32.lib /MANIFEST /MANIFESTUAC:"level='asInvoker' uiAccess='false'" /manifest:embed /PDB:".\CompilerIdCXX.pdb" /SUBSYSTEM:CONSOLE /TLBID:1 /DYNAMICBASE /NXCOMPAT /IMPLIB:".\CompilerIdCXX.lib" /MACHINE:X64 Debug\CMakeCXXCompilerId.obj
  CompilerIdCXX.vcxproj -> C:\Users\atc\Documents\CMakeTutorials\Hello World\build\CMakeFiles\3.20.3\CompilerIdCXX\CompilerIdCXX.exe
PostBuildEvent:
  for %%i in (cl.exe) do @echo CMAKE_CXX_COMPILER=%%~$PATH:i
  :VCEnd
  CMAKE_CXX_COMPILER=C:\Program Files (x86)\Microsoft Visual Studio\2019\Community\VC\Tools\MSVC\14.29.30037\bin\Hostx64\x64\cl.exe
FinalizeBuildStatus:
  Die Datei "Debug\CompilerIdCXX.tlog\unsuccessfulbuild" wird gel”scht.
  Aktualisieren des Timestamps von "Debug\CompilerIdCXX.tlog\CompilerIdCXX.lastbuildstate".
Die Erstellung von Projekt "C:\Users\atc\Documents\CMakeTutorials\Hello World\build\CMakeFiles\3.20.3\CompilerIdCXX\CompilerIdCXX.vcxproj" ist abgeschlossen (Standardziele).

Der Buildvorgang wurde erfolgreich ausgefhrt.
    0 Warnung(en)
    0 Fehler

Verstrichene Zeit 00:00:01.47


Compilation of the CXX compiler identification source "CMakeCXXCompilerId.cpp" produced "CompilerIdCXX.exe"

Compilation of the CXX compiler identification source "CMakeCXXCompilerId.cpp" produced "CompilerIdCXX.vcxproj"

The CXX compiler identification is MSVC, found in "C:/Users/atc/Documents/CMakeTutorials/Hello World/build/CMakeFiles/3.20.3/CompilerIdCXX/CompilerIdCXX.exe"

Detecting C compiler ABI info compiled with the following output:
Change Dir: C:/Users/atc/Documents/CMakeTutorials/Hello World/build/CMakeFiles/CMakeTmp

Run Build Command(s):C:/Program Files (x86)/Microsoft Visual Studio/2019/Community/MSBuild/Current/Bin/MSBuild.exe cmTC_0983d.vcxproj /p:Configuration=Debug /p:Platform=x64 /p:VisualStudioVersion=16.0 /v:m && Microsoft (R)-Build-Engine, Version 16.10.0+4242f381a fr .NET Framework
Copyright (C) Microsoft Corporation. Alle Rechte vorbehalten.

  Microsoft (R) C/C++-Optimierungscompiler Version 19.29.30037 fr x64
  Copyright (C) Microsoft Corporation. Alle Rechte vorbehalten.
  CMakeCCompilerABI.c
  cl /c /Zi /W1 /WX- /diagnostics:column /Od /Ob0 /D WIN32 /D _WINDOWS /D "CMAKE_INTDIR=\"Debug\"" /D _MBCS /Gm- /RTC1 /MDd /GS /fp:precise /Zc:wchar_t /Zc:forScope /Zc:inline /Fo"cmTC_0983d.dir\Debug\\" /Fd"cmTC_0983d.dir\Debug\vc142.pdb" /external:env:EXTERNAL_INCLUDE /external:W1 /Gd /TC /errorReport:queue "C:\cmake-3.20.3-windows-x86_64\share\cmake-3.20\Modules\CMakeCCompilerABI.c"
  cmTC_0983d.vcxproj -> C:\Users\atc\Documents\CMakeTutorials\Hello World\build\CMakeFiles\CMakeTmp\Debug\cmTC_0983d.exe



Detecting CXX compiler ABI info compiled with the following output:
Change Dir: C:/Users/atc/Documents/CMakeTutorials/Hello World/build/CMakeFiles/CMakeTmp

Run Build Command(s):C:/Program Files (x86)/Microsoft Visual Studio/2019/Community/MSBuild/Current/Bin/MSBuild.exe cmTC_5be2f.vcxproj /p:Configuration=Debug /p:Platform=x64 /p:VisualStudioVersion=16.0 /v:m && Microsoft (R)-Build-Engine, Version 16.10.0+4242f381a fr .NET Framework
Copyright (C) Microsoft Corporation. Alle Rechte vorbehalten.

  Microsoft (R) C/C++-Optimierungscompiler Version 19.29.30037 fr x64
  Copyright (C) Microsoft Corporation. Alle Rechte vorbehalten.
  CMakeCXXCompilerABI.cpp
  cl /c /Zi /W1 /WX- /diagnostics:column /Od /Ob0 /D WIN32 /D _WINDOWS /D "CMAKE_INTDIR=\"Debug\"" /D _MBCS /Gm- /EHsc /RTC1 /MDd /GS /fp:precise /Zc:wchar_t /Zc:forScope /Zc:inline /Fo"cmTC_5be2f.dir\Debug\\" /Fd"cmTC_5be2f.dir\Debug\vc142.pdb" /external:env:EXTERNAL_INCLUDE /external:W1 /Gd /TP /errorReport:queue "C:\cmake-3.20.3-windows-x86_64\share\cmake-3.20\Modules\CMakeCXXCompilerABI.cpp"
  cmTC_5be2f.vcxproj -> C:\Users\atc\Documents\CMakeTutorials\Hello World\build\CMakeFiles\CMakeTmp\Debug\cmTC_5be2f.exe



